<?xml version="1.0" encoding="UTF-8"?>
<!-- Generated by org.testng.reporters.JUnitXMLReporter -->
<testsuite hostname="FERNANDOs-MacBook-Pro.local" ignored="0" name="Default test" tests="6" failures="0" timestamp="11 Aug 2019 22:52:26 GMT" time="9.843" errors="0">
  <testcase name="SignIn" time="0.453" classname="framework.BasePage"/>
  <testcase name="Create" time="0.738" classname="framework.BasePage"/>
  <testcase name="Read" time="0.856" classname="framework.BasePage"/>
  <testcase name="Update" time="0.982" classname="framework.BasePage"/>
  <testcase name="Delete" time="0.348" classname="framework.BasePage"/>
  <testcase name="SignOut" time="0.242" classname="framework.BasePage"/>
</testsuite> <!-- Default test -->
