<?xml version="1.0" encoding="UTF-8"?>
<!-- Generated by org.testng.reporters.JUnitXMLReporter -->
<testsuite hostname="FERNANDOs-MacBook-Pro.local" ignored="0" name="Default test" tests="5" failures="0" timestamp="11 Aug 2019 19:54:03 GMT" time="29.904" errors="0">
  <testcase name="SignIn" time="2.469" classname="framework.BasePage"/>
  <testcase name="Create" time="4.669" classname="framework.BasePage"/>
  <testcase name="Read" time="5.0" classname="framework.BasePage"/>
  <testcase name="Update" time="5.144" classname="framework.BasePage"/>
  <testcase name="Delete" time="6.334" classname="framework.BasePage"/>
</testsuite> <!-- Default test -->
