<?xml version="1.0" encoding="UTF-8"?>
<!-- Generated by org.testng.reporters.JUnitXMLReporter -->
<testsuite hostname="FERNANDOs-MacBook-Pro.local" ignored="0" name="Test" tests="6" failures="0" timestamp="11 Aug 2019 22:54:38 GMT" time="8.828" errors="0">
  <testcase name="SignIn" time="0.451" classname="framework.BasePage"/>
  <testcase name="Create" time="0.783" classname="framework.BasePage"/>
  <testcase name="Read" time="0.854" classname="framework.BasePage"/>
  <testcase name="Update" time="0.99" classname="framework.BasePage"/>
  <testcase name="Delete" time="0.364" classname="framework.BasePage"/>
  <testcase name="SignOut" time="0.263" classname="framework.BasePage"/>
</testsuite> <!-- Test -->
